<?xml version="1.0" encoding="UTF-8"?>
<!-- Generated by org.testng.reporters.JUnitReportReporter -->
<testsuite skipped="0" hostname="DESKTOP-N308L1J" name="test.AddCustomerTest" tests="1" failures="0" timestamp="28 Aug 2022 18:14:51 GMT" time="10.208" errors="0">
  <testcase name="validUserShouldBeAbleToLogin" time="10.208" classname="test.AddCustomerTest"/>
</testsuite> <!-- test.AddCustomerTest -->
